<?xml version="1.0" encoding="UTF-8"?>
<!-- Generated by org.testng.reporters.JUnitXMLReporter -->
<testsuite ignored="0" hostname="Omeshs-MacBook-Pro.local" failures="1" tests="7" name="End to End Test" time="124.651" errors="0" timestamp="09 Jan 2023 14:23:30 GMT">
  <testcase classname="tests.CartPageTest" name="run_verifyProductInCart_Checkout" time="15.668"/>
  <testcase classname="tests.CheckoutPageTest" name="run_checkout" time="15.299"/>
  <testcase classname="tests.ConfirmationPageTest" name="run_confirmationMessage" time="15.706"/>
  <testcase classname="tests.LoginPageTest" name="run_LoginTest_VerifyTitle" time="0.016">
    <failure type="java.lang.AssertionError" message="expected [true] but found [false]">
      <![CDATA[java.lang.AssertionError: expected [true] but found [false]
at tests.LoginPageTest.run_LoginTest_VerifyTitle(LoginPageTest.java:52)
... Removed 29 stack frames]]>
    </failure>
  </testcase> <!-- run_LoginTest_VerifyTitle -->
  <testcase classname="tests.AddProductPageTest" name="run_verifyHomePageTitle" time="6.081"/>
  <testcase classname="tests.LoginPageTest" name="run_LoginTest" time="5.772"/>
  <testcase classname="tests.AddProductPageTest" name="run_addToCartTest" time="8.241"/>
</testsuite> <!-- End to End Test -->
