<?xml version="1.0" encoding="UTF-8"?>
<testng-results ignored="0" total="7" passed="6" failed="1" skipped="0">
  <reporter-output>
  </reporter-output>
  <suite started-at="2023-01-09T14:21:25Z" name="Suite" finished-at="2023-01-09T14:23:29Z" duration-ms="124651">
    <groups>
    </groups>
    <test started-at="2023-01-09T14:21:25Z" name="End to End Test" finished-at="2023-01-09T14:23:29Z" duration-ms="124651">
      <class name="tests.CheckoutPageTest">
        <test-method is-config="true" signature="initialize()[pri:0, instance:tests.CheckoutPageTest@1dd0e7c4]" started-at="2023-01-09T14:21:51Z" name="initialize" finished-at="2023-01-09T14:21:58Z" duration-ms="7478" status="PASS">
          <reporter-output>
          </reporter-output>
        </test-method> <!-- initialize -->
        <test-method signature="run_checkout()[pri:0, instance:tests.CheckoutPageTest@1dd0e7c4]" started-at="2023-01-09T14:21:58Z" name="run_checkout" finished-at="2023-01-09T14:22:13Z" duration-ms="15299" status="PASS">
          <reporter-output>
          </reporter-output>
        </test-method> <!-- run_checkout -->
        <test-method is-config="true" signature="close_Browser()[pri:0, instance:tests.CheckoutPageTest@1dd0e7c4]" started-at="2023-01-09T14:22:14Z" name="close_Browser" finished-at="2023-01-09T14:22:14Z" duration-ms="114" status="PASS">
          <reporter-output>
          </reporter-output>
        </test-method> <!-- close_Browser -->
      </class> <!-- tests.CheckoutPageTest -->
      <class name="tests.CartPageTest">
        <test-method is-config="true" signature="initialize()[pri:0, instance:tests.CartPageTest@2ece4966]" started-at="2023-01-09T14:21:25Z" name="initialize" finished-at="2023-01-09T14:21:35Z" duration-ms="9846" status="PASS">
          <reporter-output>
          </reporter-output>
        </test-method> <!-- initialize -->
        <test-method signature="run_verifyProductInCart_Checkout()[pri:0, instance:tests.CartPageTest@2ece4966]" started-at="2023-01-09T14:21:35Z" name="run_verifyProductInCart_Checkout" finished-at="2023-01-09T14:21:50Z" duration-ms="15668" status="PASS">
          <reporter-output>
          </reporter-output>
        </test-method> <!-- run_verifyProductInCart_Checkout -->
        <test-method is-config="true" signature="close_Browser()[pri:0, instance:tests.CartPageTest@2ece4966]" started-at="2023-01-09T14:21:51Z" name="close_Browser" finished-at="2023-01-09T14:21:51Z" duration-ms="114" status="PASS">
          <reporter-output>
          </reporter-output>
        </test-method> <!-- close_Browser -->
      </class> <!-- tests.CartPageTest -->
      <class name="tests.AddProductPageTest">
        <test-method is-config="true" signature="initialize()[pri:0, instance:tests.AddProductPageTest@47605f2f]" started-at="2023-01-09T14:22:45Z" name="initialize" finished-at="2023-01-09T14:22:53Z" duration-ms="7688" status="PASS">
          <reporter-output>
          </reporter-output>
        </test-method> <!-- initialize -->
        <test-method signature="run_verifyHomePageTitle()[pri:1, instance:tests.AddProductPageTest@47605f2f]" started-at="2023-01-09T14:22:53Z" name="run_verifyHomePageTitle" finished-at="2023-01-09T14:22:59Z" duration-ms="6081" status="PASS">
          <reporter-output>
          </reporter-output>
        </test-method> <!-- run_verifyHomePageTitle -->
        <test-method is-config="true" signature="close_Browser()[pri:0, instance:tests.AddProductPageTest@47605f2f]" started-at="2023-01-09T14:22:59Z" name="close_Browser" finished-at="2023-01-09T14:22:59Z" duration-ms="134" status="PASS">
          <reporter-output>
          </reporter-output>
        </test-method> <!-- close_Browser -->
        <test-method is-config="true" signature="initialize()[pri:0, instance:tests.AddProductPageTest@47605f2f]" started-at="2023-01-09T14:23:13Z" name="initialize" finished-at="2023-01-09T14:23:21Z" duration-ms="7481" status="PASS">
          <reporter-output>
          </reporter-output>
        </test-method> <!-- initialize -->
        <test-method signature="run_addToCartTest()[pri:2, instance:tests.AddProductPageTest@47605f2f]" started-at="2023-01-09T14:23:21Z" name="run_addToCartTest" finished-at="2023-01-09T14:23:29Z" duration-ms="8241" status="PASS">
          <reporter-output>
          </reporter-output>
        </test-method> <!-- run_addToCartTest -->
        <test-method is-config="true" signature="close_Browser()[pri:0, instance:tests.AddProductPageTest@47605f2f]" started-at="2023-01-09T14:23:29Z" name="close_Browser" finished-at="2023-01-09T14:23:29Z" duration-ms="110" status="PASS">
          <reporter-output>
          </reporter-output>
        </test-method> <!-- close_Browser -->
      </class> <!-- tests.AddProductPageTest -->
      <class name="tests.ConfirmationPageTest">
        <test-method is-config="true" signature="initialize()[pri:0, instance:tests.ConfirmationPageTest@7894f09b]" started-at="2023-01-09T14:22:14Z" name="initialize" finished-at="2023-01-09T14:22:21Z" duration-ms="7444" status="PASS">
          <reporter-output>
          </reporter-output>
        </test-method> <!-- initialize -->
        <test-method signature="run_confirmationMessage()[pri:0, instance:tests.ConfirmationPageTest@7894f09b]" started-at="2023-01-09T14:22:21Z" name="run_confirmationMessage" finished-at="2023-01-09T14:22:37Z" duration-ms="15706" status="PASS">
          <reporter-output>
          </reporter-output>
        </test-method> <!-- run_confirmationMessage -->
        <test-method is-config="true" signature="close_Browser()[pri:0, instance:tests.ConfirmationPageTest@7894f09b]" started-at="2023-01-09T14:22:37Z" name="close_Browser" finished-at="2023-01-09T14:22:37Z" duration-ms="112" status="PASS">
          <reporter-output>
          </reporter-output>
        </test-method> <!-- close_Browser -->
      </class> <!-- tests.ConfirmationPageTest -->
      <class name="tests.LoginPageTest">
        <test-method is-config="true" signature="initialize()[pri:0, instance:tests.LoginPageTest@388ba540]" started-at="2023-01-09T14:22:37Z" name="initialize" finished-at="2023-01-09T14:22:45Z" duration-ms="7419" status="PASS">
          <reporter-output>
          </reporter-output>
        </test-method> <!-- initialize -->
        <test-method signature="run_LoginTest_VerifyTitle()[pri:1, instance:tests.LoginPageTest@388ba540]" started-at="2023-01-09T14:22:45Z" name="run_LoginTest_VerifyTitle" finished-at="2023-01-09T14:22:45Z" duration-ms="16" status="FAIL">
          <exception class="java.lang.AssertionError">
            <message>
              <![CDATA[expected [true] but found [false]]]>
            </message>
            <full-stacktrace>
              <![CDATA[java.lang.AssertionError: expected [true] but found [false]
at org.testng.Assert.fail(Assert.java:96)
at org.testng.Assert.failNotEquals(Assert.java:776)
at org.testng.Assert.assertTrue(Assert.java:44)
at org.testng.Assert.assertTrue(Assert.java:54)
at tests.LoginPageTest.run_LoginTest_VerifyTitle(LoginPageTest.java:52)
at java.base/jdk.internal.reflect.NativeMethodAccessorImpl.invoke0(Native Method)
at java.base/jdk.internal.reflect.NativeMethodAccessorImpl.invoke(NativeMethodAccessorImpl.java:77)
at java.base/jdk.internal.reflect.DelegatingMethodAccessorImpl.invoke(DelegatingMethodAccessorImpl.java:43)
at java.base/java.lang.reflect.Method.invoke(Method.java:568)
at org.testng.internal.MethodInvocationHelper.invokeMethod(MethodInvocationHelper.java:124)
at org.testng.internal.Invoker.invokeMethod(Invoker.java:583)
at org.testng.internal.Invoker.invokeTestMethod(Invoker.java:719)
at org.testng.internal.Invoker.invokeTestMethods(Invoker.java:989)
at org.testng.internal.TestMethodWorker.invokeTestMethods(TestMethodWorker.java:125)
at org.testng.internal.TestMethodWorker.run(TestMethodWorker.java:109)
at org.testng.TestRunner.privateRun(TestRunner.java:648)
at org.testng.TestRunner.run(TestRunner.java:505)
at org.testng.SuiteRunner.runTest(SuiteRunner.java:455)
at org.testng.SuiteRunner.runSequentially(SuiteRunner.java:450)
at org.testng.SuiteRunner.privateRun(SuiteRunner.java:415)
at org.testng.SuiteRunner.run(SuiteRunner.java:364)
at org.testng.SuiteRunnerWorker.runSuite(SuiteRunnerWorker.java:52)
at org.testng.SuiteRunnerWorker.run(SuiteRunnerWorker.java:84)
at org.testng.TestNG.runSuitesSequentially(TestNG.java:1208)
at org.testng.TestNG.runSuitesLocally(TestNG.java:1137)
at org.testng.TestNG.runSuites(TestNG.java:1049)
at org.testng.TestNG.run(TestNG.java:1017)
at org.testng.remote.AbstractRemoteTestNG.run(AbstractRemoteTestNG.java:115)
at org.testng.remote.RemoteTestNG.initAndRun(RemoteTestNG.java:251)
at org.testng.remote.RemoteTestNG.main(RemoteTestNG.java:77)
]]>
            </full-stacktrace>
          </exception> <!-- java.lang.AssertionError -->
          <reporter-output>
          </reporter-output>
        </test-method> <!-- run_LoginTest_VerifyTitle -->
        <test-method is-config="true" signature="close_Browser()[pri:0, instance:tests.LoginPageTest@388ba540]" started-at="2023-01-09T14:22:45Z" name="close_Browser" finished-at="2023-01-09T14:22:45Z" duration-ms="111" status="PASS">
          <reporter-output>
          </reporter-output>
        </test-method> <!-- close_Browser -->
        <test-method is-config="true" signature="initialize()[pri:0, instance:tests.LoginPageTest@388ba540]" started-at="2023-01-09T14:22:59Z" name="initialize" finished-at="2023-01-09T14:23:07Z" duration-ms="7314" status="PASS">
          <reporter-output>
          </reporter-output>
        </test-method> <!-- initialize -->
        <test-method signature="run_LoginTest()[pri:2, instance:tests.LoginPageTest@388ba540]" started-at="2023-01-09T14:23:07Z" name="run_LoginTest" finished-at="2023-01-09T14:23:13Z" duration-ms="5772" status="PASS">
          <reporter-output>
          </reporter-output>
        </test-method> <!-- run_LoginTest -->
        <test-method is-config="true" signature="close_Browser()[pri:0, instance:tests.LoginPageTest@388ba540]" started-at="2023-01-09T14:23:13Z" name="close_Browser" finished-at="2023-01-09T14:23:13Z" duration-ms="113" status="PASS">
          <reporter-output>
          </reporter-output>
        </test-method> <!-- close_Browser -->
      </class> <!-- tests.LoginPageTest -->
    </test> <!-- End to End Test -->
  </suite> <!-- Suite -->
</testng-results>
